<?xml version="1.0" encoding="UTF-8"?>
<testsuite xmlns:xsi="http://www.w3.org/2001/XMLSchema-instance" xsi:noNamespaceSchemaLocation="https://maven.apache.org/surefire/maven-surefire-plugin/xsd/surefire-test-report.xsd" name="runnerPackage.MyRunnerClassTest" time="67.474" tests="7" errors="0" skipped="0" failures="0">
  <properties>
    <property name="java.specification.version" value="13"/>
    <property name="sun.cpu.isalist" value="amd64"/>
    <property name="sun.jnu.encoding" value="Cp1252"/>
    <property name="java.class.path" value="C:\workspace\CucumberTest\target\test-classes;C:\workspace\CucumberTest\target\classes;C:\Windows\system32\config\systemprofile\.m2\repository\junit\junit\4.12\junit-4.12.jar;C:\Windows\system32\config\systemprofile\.m2\repository\org\hamcrest\hamcrest-core\1.3\hamcrest-core-1.3.jar;C:\Windows\system32\config\systemprofile\.m2\repository\org\seleniumhq\selenium\selenium-java\3.14.0\selenium-java-3.14.0.jar;C:\Windows\system32\config\systemprofile\.m2\repository\org\seleniumhq\selenium\selenium-api\3.14.0\selenium-api-3.14.0.jar;C:\Windows\system32\config\systemprofile\.m2\repository\org\seleniumhq\selenium\selenium-edge-driver\3.14.0\selenium-edge-driver-3.14.0.jar;C:\Windows\system32\config\systemprofile\.m2\repository\org\seleniumhq\selenium\selenium-firefox-driver\3.14.0\selenium-firefox-driver-3.14.0.jar;C:\Windows\system32\config\systemprofile\.m2\repository\org\seleniumhq\selenium\selenium-ie-driver\3.14.0\selenium-ie-driver-3.14.0.jar;C:\Windows\system32\config\systemprofile\.m2\repository\org\seleniumhq\selenium\selenium-opera-driver\3.14.0\selenium-opera-driver-3.14.0.jar;C:\Windows\system32\config\systemprofile\.m2\repository\org\seleniumhq\selenium\selenium-remote-driver\3.14.0\selenium-remote-driver-3.14.0.jar;C:\Windows\system32\config\systemprofile\.m2\repository\org\seleniumhq\selenium\selenium-safari-driver\3.14.0\selenium-safari-driver-3.14.0.jar;C:\Windows\system32\config\systemprofile\.m2\repository\org\seleniumhq\selenium\selenium-support\3.14.0\selenium-support-3.14.0.jar;C:\Windows\system32\config\systemprofile\.m2\repository\net\bytebuddy\byte-buddy\1.8.15\byte-buddy-1.8.15.jar;C:\Windows\system32\config\systemprofile\.m2\repository\org\apache\commons\commons-exec\1.3\commons-exec-1.3.jar;C:\Windows\system32\config\systemprofile\.m2\repository\commons-codec\commons-codec\1.10\commons-codec-1.10.jar;C:\Windows\system32\config\systemprofile\.m2\repository\commons-logging\commons-logging\1.2\commons-logging-1.2.jar;C:\Windows\system32\config\systemprofile\.m2\repository\com\google\guava\guava\25.0-jre\guava-25.0-jre.jar;C:\Windows\system32\config\systemprofile\.m2\repository\com\google\code\findbugs\jsr305\1.3.9\jsr305-1.3.9.jar;C:\Windows\system32\config\systemprofile\.m2\repository\org\checkerframework\checker-compat-qual\2.0.0\checker-compat-qual-2.0.0.jar;C:\Windows\system32\config\systemprofile\.m2\repository\com\google\errorprone\error_prone_annotations\2.1.3\error_prone_annotations-2.1.3.jar;C:\Windows\system32\config\systemprofile\.m2\repository\com\google\j2objc\j2objc-annotations\1.1\j2objc-annotations-1.1.jar;C:\Windows\system32\config\systemprofile\.m2\repository\org\codehaus\mojo\animal-sniffer-annotations\1.14\animal-sniffer-annotations-1.14.jar;C:\Windows\system32\config\systemprofile\.m2\repository\org\apache\httpcomponents\httpclient\4.5.5\httpclient-4.5.5.jar;C:\Windows\system32\config\systemprofile\.m2\repository\org\apache\httpcomponents\httpcore\4.4.9\httpcore-4.4.9.jar;C:\Windows\system32\config\systemprofile\.m2\repository\com\squareup\okhttp3\okhttp\3.10.0\okhttp-3.10.0.jar;C:\Windows\system32\config\systemprofile\.m2\repository\com\squareup\okio\okio\1.14.1\okio-1.14.1.jar;C:\Windows\system32\config\systemprofile\.m2\repository\org\apache\poi\poi\3.9\poi-3.9.jar;C:\Windows\system32\config\systemprofile\.m2\repository\com\aventstack\extentreports\3.1.2\extentreports-3.1.2.jar;C:\Windows\system32\config\systemprofile\.m2\repository\org\freemarker\freemarker\2.3.23\freemarker-2.3.23.jar;C:\Windows\system32\config\systemprofile\.m2\repository\org\mongodb\mongodb-driver\3.3.0\mongodb-driver-3.3.0.jar;C:\Windows\system32\config\systemprofile\.m2\repository\org\mongodb\bson\3.3.0\bson-3.3.0.jar;C:\Windows\system32\config\systemprofile\.m2\repository\org\mongodb\mongodb-driver-core\3.3.0\mongodb-driver-core-3.3.0.jar;C:\Windows\system32\config\systemprofile\.m2\repository\org\apache\httpcomponents\httpmime\4.5.2\httpmime-4.5.2.jar;C:\Windows\system32\config\systemprofile\.m2\repository\org\jsoup\jsoup\1.9.2\jsoup-1.9.2.jar;C:\Windows\system32\config\systemprofile\.m2\repository\com\google\code\gson\gson\2.8.0\gson-2.8.0.jar;C:\Windows\system32\config\systemprofile\.m2\repository\com\vimalselvam\cucumber-extentsreport\3.0.2\cucumber-extentsreport-3.0.2.jar;C:\Windows\system32\config\systemprofile\.m2\repository\info\cukes\cucumber-java\1.2.5\cucumber-java-1.2.5.jar;C:\Windows\system32\config\systemprofile\.m2\repository\info\cukes\cucumber-core\1.2.5\cucumber-core-1.2.5.jar;C:\Windows\system32\config\systemprofile\.m2\repository\info\cukes\cucumber-html\0.2.3\cucumber-html-0.2.3.jar;C:\Windows\system32\config\systemprofile\.m2\repository\info\cukes\cucumber-junit\1.2.5\cucumber-junit-1.2.5.jar;C:\Windows\system32\config\systemprofile\.m2\repository\net\sourceforge\cobertura\cobertura\1.9.4.1\cobertura-1.9.4.1.jar;C:\Windows\system32\config\systemprofile\.m2\repository\oro\oro\2.0.8\oro-2.0.8.jar;C:\Windows\system32\config\systemprofile\.m2\repository\asm\asm\3.0\asm-3.0.jar;C:\Windows\system32\config\systemprofile\.m2\repository\asm\asm-tree\3.0\asm-tree-3.0.jar;C:\Windows\system32\config\systemprofile\.m2\repository\log4j\log4j\1.2.9\log4j-1.2.9.jar;C:\Windows\system32\config\systemprofile\.m2\repository\org\apache\ant\ant\1.7.0\ant-1.7.0.jar;C:\Windows\system32\config\systemprofile\.m2\repository\org\apache\ant\ant-launcher\1.7.0\ant-launcher-1.7.0.jar;C:\Windows\system32\config\systemprofile\.m2\repository\info\cukes\cucumber-jvm-deps\1.0.5\cucumber-jvm-deps-1.0.5.jar;C:\Windows\system32\config\systemprofile\.m2\repository\net\masterthought\cucumber-reporting\5.3.0\cucumber-reporting-5.3.0.jar;C:\Windows\system32\config\systemprofile\.m2\repository\com\fasterxml\jackson\core\jackson-databind\2.10.1\jackson-databind-2.10.1.jar;C:\Windows\system32\config\systemprofile\.m2\repository\com\fasterxml\jackson\core\jackson-annotations\2.10.1\jackson-annotations-2.10.1.jar;C:\Windows\system32\config\systemprofile\.m2\repository\com\fasterxml\jackson\core\jackson-core\2.10.1\jackson-core-2.10.1.jar;C:\Windows\system32\config\systemprofile\.m2\repository\com\fasterxml\jackson\datatype\jackson-datatype-jsr310\2.10.1\jackson-datatype-jsr310-2.10.1.jar;C:\Windows\system32\config\systemprofile\.m2\repository\org\apache\velocity\velocity-engine-core\2.1\velocity-engine-core-2.1.jar;C:\Windows\system32\config\systemprofile\.m2\repository\org\slf4j\slf4j-api\1.7.26\slf4j-api-1.7.26.jar;C:\Windows\system32\config\systemprofile\.m2\repository\commons-collections\commons-collections\3.2.2\commons-collections-3.2.2.jar;C:\Windows\system32\config\systemprofile\.m2\repository\joda-time\joda-time\2.10.5\joda-time-2.10.5.jar;C:\Windows\system32\config\systemprofile\.m2\repository\org\apache\commons\commons-lang3\3.9\commons-lang3-3.9.jar;C:\Windows\system32\config\systemprofile\.m2\repository\org\codehaus\plexus\plexus-utils\3.3.0\plexus-utils-3.3.0.jar;C:\Windows\system32\config\systemprofile\.m2\repository\com\googlecode\owasp-java-html-sanitizer\owasp-java-html-sanitizer\20191001.1\owasp-java-html-sanitizer-20191001.1.jar;C:\Windows\system32\config\systemprofile\.m2\repository\commons-configuration\commons-configuration\1.10\commons-configuration-1.10.jar;C:\Windows\system32\config\systemprofile\.m2\repository\commons-lang\commons-lang\2.6\commons-lang-2.6.jar;C:\Windows\system32\config\systemprofile\.m2\repository\info\cukes\gherkin\2.12.2\gherkin-2.12.2.jar;C:\Windows\system32\config\systemprofile\.m2\repository\org\mockito\mockito-all\1.10.19\mockito-all-1.10.19.jar;C:\Windows\system32\config\systemprofile\.m2\repository\org\apache\poi\poi-ooxml\3.9\poi-ooxml-3.9.jar;C:\Windows\system32\config\systemprofile\.m2\repository\dom4j\dom4j\1.6.1\dom4j-1.6.1.jar;C:\Windows\system32\config\systemprofile\.m2\repository\xml-apis\xml-apis\1.0.b2\xml-apis-1.0.b2.jar;C:\Windows\system32\config\systemprofile\.m2\repository\org\apache\poi\poi-ooxml-schemas\3.9\poi-ooxml-schemas-3.9.jar;C:\Windows\system32\config\systemprofile\.m2\repository\org\apache\xmlbeans\xmlbeans\2.3.0\xmlbeans-2.3.0.jar;C:\Windows\system32\config\systemprofile\.m2\repository\stax\stax-api\1.0.1\stax-api-1.0.1.jar;C:\Windows\system32\config\systemprofile\.m2\repository\org\apache\poi\poi-scratchpad\3.9\poi-scratchpad-3.9.jar;C:\Windows\system32\config\systemprofile\.m2\repository\org\apache\poi\ooxml-schemas\1.1\ooxml-schemas-1.1.jar;C:\Windows\system32\config\systemprofile\.m2\repository\org\apache\poi\openxml4j\1.0-beta\openxml4j-1.0-beta.jar;C:\Windows\system32\config\systemprofile\.m2\repository\org\seleniumhq\selenium\selenium-chrome-driver\3.141.59\selenium-chrome-driver-3.141.59.jar;C:\Windows\system32\config\systemprofile\.m2\repository\com\relevantcodes\extentreports\2.41.2\extentreports-2.41.2.jar;C:\Windows\system32\config\systemprofile\.m2\repository\org\xerial\sqlite-jdbc\3.8.11.1\sqlite-jdbc-3.8.11.1.jar;C:\Windows\system32\config\systemprofile\.m2\repository\commons-io\commons-io\2.6\commons-io-2.6.jar;"/>
    <property name="java.vm.vendor" value="Oracle Corporation"/>
    <property name="sun.arch.data.model" value="64"/>
    <property name="user.variant" value=""/>
    <property name="java.vendor.url" value="https://java.oracle.com/"/>
    <property name="user.timezone" value="Asia/Calcutta"/>
    <property name="os.name" value="Windows 10"/>
    <property name="java.vm.specification.version" value="13"/>
    <property name="sun.java.launcher" value="SUN_STANDARD"/>
    <property name="user.country" value="US"/>
    <property name="sun.boot.library.path" value="C:\Program Files\Java\jdk-13.0.1\bin"/>
    <property name="sun.java.command" value="C:\Windows\TEMP\surefire6079014457811931571\surefirebooter905513148977504417.jar C:\Windows\Temp\surefire6079014457811931571 2020-07-08T05-20-13_454-jvmRun1 surefire13509108844422961380tmp surefire_0197254363180908229tmp"/>
    <property name="jdk.debug" value="release"/>
    <property name="surefire.test.class.path" value="C:\workspace\CucumberTest\target\test-classes;C:\workspace\CucumberTest\target\classes;C:\Windows\system32\config\systemprofile\.m2\repository\junit\junit\4.12\junit-4.12.jar;C:\Windows\system32\config\systemprofile\.m2\repository\org\hamcrest\hamcrest-core\1.3\hamcrest-core-1.3.jar;C:\Windows\system32\config\systemprofile\.m2\repository\org\seleniumhq\selenium\selenium-java\3.14.0\selenium-java-3.14.0.jar;C:\Windows\system32\config\systemprofile\.m2\repository\org\seleniumhq\selenium\selenium-api\3.14.0\selenium-api-3.14.0.jar;C:\Windows\system32\config\systemprofile\.m2\repository\org\seleniumhq\selenium\selenium-edge-driver\3.14.0\selenium-edge-driver-3.14.0.jar;C:\Windows\system32\config\systemprofile\.m2\repository\org\seleniumhq\selenium\selenium-firefox-driver\3.14.0\selenium-firefox-driver-3.14.0.jar;C:\Windows\system32\config\systemprofile\.m2\repository\org\seleniumhq\selenium\selenium-ie-driver\3.14.0\selenium-ie-driver-3.14.0.jar;C:\Windows\system32\config\systemprofile\.m2\repository\org\seleniumhq\selenium\selenium-opera-driver\3.14.0\selenium-opera-driver-3.14.0.jar;C:\Windows\system32\config\systemprofile\.m2\repository\org\seleniumhq\selenium\selenium-remote-driver\3.14.0\selenium-remote-driver-3.14.0.jar;C:\Windows\system32\config\systemprofile\.m2\repository\org\seleniumhq\selenium\selenium-safari-driver\3.14.0\selenium-safari-driver-3.14.0.jar;C:\Windows\system32\config\systemprofile\.m2\repository\org\seleniumhq\selenium\selenium-support\3.14.0\selenium-support-3.14.0.jar;C:\Windows\system32\config\systemprofile\.m2\repository\net\bytebuddy\byte-buddy\1.8.15\byte-buddy-1.8.15.jar;C:\Windows\system32\config\systemprofile\.m2\repository\org\apache\commons\commons-exec\1.3\commons-exec-1.3.jar;C:\Windows\system32\config\systemprofile\.m2\repository\commons-codec\commons-codec\1.10\commons-codec-1.10.jar;C:\Windows\system32\config\systemprofile\.m2\repository\commons-logging\commons-logging\1.2\commons-logging-1.2.jar;C:\Windows\system32\config\systemprofile\.m2\repository\com\google\guava\guava\25.0-jre\guava-25.0-jre.jar;C:\Windows\system32\config\systemprofile\.m2\repository\com\google\code\findbugs\jsr305\1.3.9\jsr305-1.3.9.jar;C:\Windows\system32\config\systemprofile\.m2\repository\org\checkerframework\checker-compat-qual\2.0.0\checker-compat-qual-2.0.0.jar;C:\Windows\system32\config\systemprofile\.m2\repository\com\google\errorprone\error_prone_annotations\2.1.3\error_prone_annotations-2.1.3.jar;C:\Windows\system32\config\systemprofile\.m2\repository\com\google\j2objc\j2objc-annotations\1.1\j2objc-annotations-1.1.jar;C:\Windows\system32\config\systemprofile\.m2\repository\org\codehaus\mojo\animal-sniffer-annotations\1.14\animal-sniffer-annotations-1.14.jar;C:\Windows\system32\config\systemprofile\.m2\repository\org\apache\httpcomponents\httpclient\4.5.5\httpclient-4.5.5.jar;C:\Windows\system32\config\systemprofile\.m2\repository\org\apache\httpcomponents\httpcore\4.4.9\httpcore-4.4.9.jar;C:\Windows\system32\config\systemprofile\.m2\repository\com\squareup\okhttp3\okhttp\3.10.0\okhttp-3.10.0.jar;C:\Windows\system32\config\systemprofile\.m2\repository\com\squareup\okio\okio\1.14.1\okio-1.14.1.jar;C:\Windows\system32\config\systemprofile\.m2\repository\org\apache\poi\poi\3.9\poi-3.9.jar;C:\Windows\system32\config\systemprofile\.m2\repository\com\aventstack\extentreports\3.1.2\extentreports-3.1.2.jar;C:\Windows\system32\config\systemprofile\.m2\repository\org\freemarker\freemarker\2.3.23\freemarker-2.3.23.jar;C:\Windows\system32\config\systemprofile\.m2\repository\org\mongodb\mongodb-driver\3.3.0\mongodb-driver-3.3.0.jar;C:\Windows\system32\config\systemprofile\.m2\repository\org\mongodb\bson\3.3.0\bson-3.3.0.jar;C:\Windows\system32\config\systemprofile\.m2\repository\org\mongodb\mongodb-driver-core\3.3.0\mongodb-driver-core-3.3.0.jar;C:\Windows\system32\config\systemprofile\.m2\repository\org\apache\httpcomponents\httpmime\4.5.2\httpmime-4.5.2.jar;C:\Windows\system32\config\systemprofile\.m2\repository\org\jsoup\jsoup\1.9.2\jsoup-1.9.2.jar;C:\Windows\system32\config\systemprofile\.m2\repository\com\google\code\gson\gson\2.8.0\gson-2.8.0.jar;C:\Windows\system32\config\systemprofile\.m2\repository\com\vimalselvam\cucumber-extentsreport\3.0.2\cucumber-extentsreport-3.0.2.jar;C:\Windows\system32\config\systemprofile\.m2\repository\info\cukes\cucumber-java\1.2.5\cucumber-java-1.2.5.jar;C:\Windows\system32\config\systemprofile\.m2\repository\info\cukes\cucumber-core\1.2.5\cucumber-core-1.2.5.jar;C:\Windows\system32\config\systemprofile\.m2\repository\info\cukes\cucumber-html\0.2.3\cucumber-html-0.2.3.jar;C:\Windows\system32\config\systemprofile\.m2\repository\info\cukes\cucumber-junit\1.2.5\cucumber-junit-1.2.5.jar;C:\Windows\system32\config\systemprofile\.m2\repository\net\sourceforge\cobertura\cobertura\1.9.4.1\cobertura-1.9.4.1.jar;C:\Windows\system32\config\systemprofile\.m2\repository\oro\oro\2.0.8\oro-2.0.8.jar;C:\Windows\system32\config\systemprofile\.m2\repository\asm\asm\3.0\asm-3.0.jar;C:\Windows\system32\config\systemprofile\.m2\repository\asm\asm-tree\3.0\asm-tree-3.0.jar;C:\Windows\system32\config\systemprofile\.m2\repository\log4j\log4j\1.2.9\log4j-1.2.9.jar;C:\Windows\system32\config\systemprofile\.m2\repository\org\apache\ant\ant\1.7.0\ant-1.7.0.jar;C:\Windows\system32\config\systemprofile\.m2\repository\org\apache\ant\ant-launcher\1.7.0\ant-launcher-1.7.0.jar;C:\Windows\system32\config\systemprofile\.m2\repository\info\cukes\cucumber-jvm-deps\1.0.5\cucumber-jvm-deps-1.0.5.jar;C:\Windows\system32\config\systemprofile\.m2\repository\net\masterthought\cucumber-reporting\5.3.0\cucumber-reporting-5.3.0.jar;C:\Windows\system32\config\systemprofile\.m2\repository\com\fasterxml\jackson\core\jackson-databind\2.10.1\jackson-databind-2.10.1.jar;C:\Windows\system32\config\systemprofile\.m2\repository\com\fasterxml\jackson\core\jackson-annotations\2.10.1\jackson-annotations-2.10.1.jar;C:\Windows\system32\config\systemprofile\.m2\repository\com\fasterxml\jackson\core\jackson-core\2.10.1\jackson-core-2.10.1.jar;C:\Windows\system32\config\systemprofile\.m2\repository\com\fasterxml\jackson\datatype\jackson-datatype-jsr310\2.10.1\jackson-datatype-jsr310-2.10.1.jar;C:\Windows\system32\config\systemprofile\.m2\repository\org\apache\velocity\velocity-engine-core\2.1\velocity-engine-core-2.1.jar;C:\Windows\system32\config\systemprofile\.m2\repository\org\slf4j\slf4j-api\1.7.26\slf4j-api-1.7.26.jar;C:\Windows\system32\config\systemprofile\.m2\repository\commons-collections\commons-collections\3.2.2\commons-collections-3.2.2.jar;C:\Windows\system32\config\systemprofile\.m2\repository\joda-time\joda-time\2.10.5\joda-time-2.10.5.jar;C:\Windows\system32\config\systemprofile\.m2\repository\org\apache\commons\commons-lang3\3.9\commons-lang3-3.9.jar;C:\Windows\system32\config\systemprofile\.m2\repository\org\codehaus\plexus\plexus-utils\3.3.0\plexus-utils-3.3.0.jar;C:\Windows\system32\config\systemprofile\.m2\repository\com\googlecode\owasp-java-html-sanitizer\owasp-java-html-sanitizer\20191001.1\owasp-java-html-sanitizer-20191001.1.jar;C:\Windows\system32\config\systemprofile\.m2\repository\commons-configuration\commons-configuration\1.10\commons-configuration-1.10.jar;C:\Windows\system32\config\systemprofile\.m2\repository\commons-lang\commons-lang\2.6\commons-lang-2.6.jar;C:\Windows\system32\config\systemprofile\.m2\repository\info\cukes\gherkin\2.12.2\gherkin-2.12.2.jar;C:\Windows\system32\config\systemprofile\.m2\repository\org\mockito\mockito-all\1.10.19\mockito-all-1.10.19.jar;C:\Windows\system32\config\systemprofile\.m2\repository\org\apache\poi\poi-ooxml\3.9\poi-ooxml-3.9.jar;C:\Windows\system32\config\systemprofile\.m2\repository\dom4j\dom4j\1.6.1\dom4j-1.6.1.jar;C:\Windows\system32\config\systemprofile\.m2\repository\xml-apis\xml-apis\1.0.b2\xml-apis-1.0.b2.jar;C:\Windows\system32\config\systemprofile\.m2\repository\org\apache\poi\poi-ooxml-schemas\3.9\poi-ooxml-schemas-3.9.jar;C:\Windows\system32\config\systemprofile\.m2\repository\org\apache\xmlbeans\xmlbeans\2.3.0\xmlbeans-2.3.0.jar;C:\Windows\system32\config\systemprofile\.m2\repository\stax\stax-api\1.0.1\stax-api-1.0.1.jar;C:\Windows\system32\config\systemprofile\.m2\repository\org\apache\poi\poi-scratchpad\3.9\poi-scratchpad-3.9.jar;C:\Windows\system32\config\systemprofile\.m2\repository\org\apache\poi\ooxml-schemas\1.1\ooxml-schemas-1.1.jar;C:\Windows\system32\config\systemprofile\.m2\repository\org\apache\poi\openxml4j\1.0-beta\openxml4j-1.0-beta.jar;C:\Windows\system32\config\systemprofile\.m2\repository\org\seleniumhq\selenium\selenium-chrome-driver\3.141.59\selenium-chrome-driver-3.141.59.jar;C:\Windows\system32\config\systemprofile\.m2\repository\com\relevantcodes\extentreports\2.41.2\extentreports-2.41.2.jar;C:\Windows\system32\config\systemprofile\.m2\repository\org\xerial\sqlite-jdbc\3.8.11.1\sqlite-jdbc-3.8.11.1.jar;C:\Windows\system32\config\systemprofile\.m2\repository\commons-io\commons-io\2.6\commons-io-2.6.jar;"/>
    <property name="sun.cpu.endian" value="little"/>
    <property name="user.home" value="C:\Windows\system32\config\systemprofile"/>
    <property name="user.language" value="en"/>
    <property name="java.specification.vendor" value="Oracle Corporation"/>
    <property name="java.version.date" value="2019-10-15"/>
    <property name="java.home" value="C:\Program Files\Java\jdk-13.0.1"/>
    <property name="file.separator" value="\"/>
    <property name="basedir" value="C:\workspace\CucumberTest"/>
    <property name="java.vm.compressedOopsMode" value="32-bit"/>
    <property name="line.separator" value="&#10;"/>
    <property name="java.vm.specification.vendor" value="Oracle Corporation"/>
    <property name="java.specification.name" value="Java Platform API Specification"/>
    <property name="surefire.real.class.path" value="C:\Windows\TEMP\surefire6079014457811931571\surefirebooter905513148977504417.jar"/>
    <property name="user.script" value=""/>
    <property name="sun.management.compiler" value="HotSpot 64-Bit Tiered Compilers"/>
    <property name="java.runtime.version" value="13.0.1+9"/>
    <property name="user.name" value="ABDUL-HAMID-MJK$"/>
    <property name="path.separator" value=";"/>
    <property name="os.version" value="10.0"/>
    <property name="java.runtime.name" value="Java(TM) SE Runtime Environment"/>
    <property name="file.encoding" value="Cp1252"/>
    <property name="java.vm.name" value="Java HotSpot(TM) 64-Bit Server VM"/>
    <property name="localRepository" value="C:\Windows\system32\config\systemprofile\.m2\repository"/>
    <property name="java.vendor.url.bug" value="https://bugreport.java.com/bugreport/"/>
    <property name="java.io.tmpdir" value="C:\Windows\TEMP\"/>
    <property name="java.version" value="13.0.1"/>
    <property name="user.dir" value="C:\workspace\CucumberTest"/>
    <property name="os.arch" value="amd64"/>
    <property name="java.vm.specification.name" value="Java Virtual Machine Specification"/>
    <property name="sun.os.patch.level" value=""/>
    <property name="java.library.path" value="C:\Program Files\Java\jdk-13.0.1\bin;C:\Windows\Sun\Java\bin;C:\Windows\system32;C:\Windows;C:\Program Files (x86)\Jenkins\tools\hudson.tasks.Maven_MavenInstallation\TestMavenName/bin;C:\Program Files\Java\jdk-13.0.1\/bin;C:\Program Files\Java\jdk-13.0.1\/bin;C:\Program Files (x86)\Common Files\Oracle\Java\javapath;C:\Windows\system32;C:\Windows;C:\Windows\System32\Wbem;C:\Windows\System32\WindowsPowerShell\v1.0\;C:\Windows\System32\OpenSSH\;C:\Program Files (x86)\Intel\Intel(R) Management Engine Components\DAL;C:\Program Files\Intel\Intel(R) Management Engine Components\DAL;C:\Program Files\Git\cmd;C:\Windows\system32\config\systemprofile\AppData\Local\Microsoft\WindowsApps;."/>
    <property name="java.vm.info" value="mixed mode, sharing"/>
    <property name="java.vendor" value="Oracle Corporation"/>
    <property name="java.vm.version" value="13.0.1+9"/>
    <property name="sun.io.unicode.encoding" value="UnicodeLittle"/>
    <property name="java.class.version" value="57.0"/>
  </properties>
  <testcase name="Given user is on login page" classname="Scenario: DemoAuto login scenario" time="0.001"/>
  <testcase name="When user verifies the title of the page" classname="Scenario: DemoAuto login scenario" time="0"/>
  <testcase name="Then user enters username and password" classname="Scenario: DemoAuto login scenario" time="0"/>
  <testcase name="Then user clicks on login button" classname="Scenario: DemoAuto login scenario" time="0"/>
  <testcase name="Then user verifies the title of the home page" classname="Scenario: DemoAuto login scenario" time="0"/>
  <testcase name="Then user quits the browser session" classname="Scenario: DemoAuto login scenario" time="0"/>
  <testcase name="Scenario: DemoAuto login scenario" classname="Scenario: DemoAuto login scenario" time="0.003"/>
</testsuite>